<?xml version="1.0" encoding="UTF-8"?>
<testsuite xmlns:xsi="http://www.w3.org/2001/XMLSchema-instance" xsi:noNamespaceSchemaLocation="https://maven.apache.org/surefire/maven-surefire-plugin/xsd/surefire-test-report-3.0.xsd" version="3.0" name="br.com.reschoene.ProductResourceTest" time="9.715" tests="1" errors="0" skipped="0" failures="0">
  <properties>
    <property name="sun.desktop" value="gnome"/>
    <property name="awt.toolkit" value="sun.awt.X11.XToolkit"/>
    <property name="java.specification.version" value="11"/>
    <property name="sun.cpu.isalist" value=""/>
    <property name="test.url" value="http://localhost:8081"/>
    <property name="sun.jnu.encoding" value="UTF-8"/>
    <property name="java.class.path" value="/mnt/dados/Desenv/quarkus-crud-poc/target/test-classes:/mnt/dados/Desenv/quarkus-crud-poc/target/classes:/home/renato/.m2/repository/io/quarkus/quarkus-arc/2.1.2.Final/quarkus-arc-2.1.2.Final.jar:/home/renato/.m2/repository/io/quarkus/arc/arc/2.1.2.Final/arc-2.1.2.Final.jar:/home/renato/.m2/repository/jakarta/enterprise/jakarta.enterprise.cdi-api/2.0.2/jakarta.enterprise.cdi-api-2.0.2.jar:/home/renato/.m2/repository/jakarta/el/jakarta.el-api/3.0.3/jakarta.el-api-3.0.3.jar:/home/renato/.m2/repository/jakarta/interceptor/jakarta.interceptor-api/1.2.5/jakarta.interceptor-api-1.2.5.jar:/home/renato/.m2/repository/jakarta/annotation/jakarta.annotation-api/1.3.5/jakarta.annotation-api-1.3.5.jar:/home/renato/.m2/repository/jakarta/transaction/jakarta.transaction-api/1.3.3/jakarta.transaction-api-1.3.3.jar:/home/renato/.m2/repository/org/jboss/logging/jboss-logging/3.4.2.Final/jboss-logging-3.4.2.Final.jar:/home/renato/.m2/repository/io/quarkus/quarkus-core/2.1.2.Final/quarkus-core-2.1.2.Final.jar:/home/renato/.m2/repository/io/quarkus/quarkus-ide-launcher/2.1.2.Final/quarkus-ide-launcher-2.1.2.Final.jar:/home/renato/.m2/repository/io/quarkus/quarkus-development-mode-spi/2.1.2.Final/quarkus-development-mode-spi-2.1.2.Final.jar:/home/renato/.m2/repository/io/smallrye/config/smallrye-config/2.4.3/smallrye-config-2.4.3.jar:/home/renato/.m2/repository/io/smallrye/config/smallrye-config-core/2.4.3/smallrye-config-core-2.4.3.jar:/home/renato/.m2/repository/io/smallrye/common/smallrye-common-annotation/1.6.0/smallrye-common-annotation-1.6.0.jar:/home/renato/.m2/repository/io/smallrye/common/smallrye-common-expression/1.6.0/smallrye-common-expression-1.6.0.jar:/home/renato/.m2/repository/io/smallrye/common/smallrye-common-function/1.6.0/smallrye-common-function-1.6.0.jar:/home/renato/.m2/repository/io/smallrye/common/smallrye-common-constraint/1.6.0/smallrye-common-constraint-1.6.0.jar:/home/renato/.m2/repository/io/smallrye/common/smallrye-common-classloader/1.6.0/smallrye-common-classloader-1.6.0.jar:/home/renato/.m2/repository/io/smallrye/config/smallrye-config-common/2.4.3/smallrye-config-common-2.4.3.jar:/home/renato/.m2/repository/org/jboss/logmanager/jboss-logmanager-embedded/1.0.9/jboss-logmanager-embedded-1.0.9.jar:/home/renato/.m2/repository/org/jboss/logging/jboss-logging-annotations/2.2.1.Final/jboss-logging-annotations-2.2.1.Final.jar:/home/renato/.m2/repository/org/jboss/threads/jboss-threads/3.4.2.Final/jboss-threads-3.4.2.Final.jar:/home/renato/.m2/repository/org/slf4j/slf4j-api/1.7.30/slf4j-api-1.7.30.jar:/home/renato/.m2/repository/org/jboss/slf4j/slf4j-jboss-logmanager/1.1.0.Final/slf4j-jboss-logmanager-1.1.0.Final.jar:/home/renato/.m2/repository/org/graalvm/sdk/graal-sdk/21.1.0/graal-sdk-21.1.0.jar:/home/renato/.m2/repository/org/wildfly/common/wildfly-common/1.5.4.Final-format-001/wildfly-common-1.5.4.Final-format-001.jar:/home/renato/.m2/repository/io/quarkus/quarkus-bootstrap-runner/2.1.2.Final/quarkus-bootstrap-runner-2.1.2.Final.jar:/home/renato/.m2/repository/org/eclipse/microprofile/context-propagation/microprofile-context-propagation-api/1.2/microprofile-context-propagation-api-1.2.jar:/home/renato/.m2/repository/io/quarkus/quarkus-resteasy-jackson/2.1.2.Final/quarkus-resteasy-jackson-2.1.2.Final.jar:/home/renato/.m2/repository/io/quarkus/quarkus-resteasy/2.1.2.Final/quarkus-resteasy-2.1.2.Final.jar:/home/renato/.m2/repository/io/quarkus/quarkus-vertx-http/2.1.2.Final/quarkus-vertx-http-2.1.2.Final.jar:/home/renato/.m2/repository/io/quarkus/quarkus-security-runtime-spi/2.1.2.Final/quarkus-security-runtime-spi-2.1.2.Final.jar:/home/renato/.m2/repository/io/quarkus/quarkus-mutiny/2.1.2.Final/quarkus-mutiny-2.1.2.Final.jar:/home/renato/.m2/repository/io/smallrye/reactive/mutiny/0.19.2/mutiny-0.19.2.jar:/home/renato/.m2/repository/io/quarkus/quarkus-smallrye-context-propagation/2.1.2.Final/quarkus-smallrye-context-propagation-2.1.2.Final.jar:/home/renato/.m2/repository/io/smallrye/smallrye-context-propagation/1.2.0/smallrye-context-propagation-1.2.0.jar:/home/renato/.m2/repository/io/smallrye/smallrye-context-propagation-api/1.2.0/smallrye-context-propagation-api-1.2.0.jar:/home/renato/.m2/repository/io/smallrye/smallrye-context-propagation-storage/1.2.0/smallrye-context-propagation-storage-1.2.0.jar:/home/renato/.m2/repository/io/smallrye/reactive/mutiny-smallrye-context-propagation/0.19.2/mutiny-smallrye-context-propagation-0.19.2.jar:/home/renato/.m2/repository/io/quarkus/quarkus-vertx-http-dev-console-runtime-spi/2.1.2.Final/quarkus-vertx-http-dev-console-runtime-spi-2.1.2.Final.jar:/home/renato/.m2/repository/io/quarkus/security/quarkus-security/1.1.4.Final/quarkus-security-1.1.4.Final.jar:/home/renato/.m2/repository/io/quarkus/quarkus-vertx-core/2.1.2.Final/quarkus-vertx-core-2.1.2.Final.jar:/home/renato/.m2/repository/io/quarkus/quarkus-netty/2.1.2.Final/quarkus-netty-2.1.2.Final.jar:/home/renato/.m2/repository/io/netty/netty-codec/4.1.65.Final/netty-codec-4.1.65.Final.jar:/home/renato/.m2/repository/io/netty/netty-codec-http/4.1.65.Final/netty-codec-http-4.1.65.Final.jar:/home/renato/.m2/repository/io/netty/netty-codec-http2/4.1.65.Final/netty-codec-http2-4.1.65.Final.jar:/home/renato/.m2/repository/io/netty/netty-handler/4.1.65.Final/netty-handler-4.1.65.Final.jar:/home/renato/.m2/repository/io/netty/netty-codec-haproxy/4.1.65.Final/netty-codec-haproxy-4.1.65.Final.jar:/home/renato/.m2/repository/io/netty/netty-buffer/4.1.65.Final/netty-buffer-4.1.65.Final.jar:/home/renato/.m2/repository/io/netty/netty-transport/4.1.65.Final/netty-transport-4.1.65.Final.jar:/home/renato/.m2/repository/io/vertx/vertx-core/4.1.2/vertx-core-4.1.2.jar:/home/renato/.m2/repository/io/netty/netty-common/4.1.65.Final/netty-common-4.1.65.Final.jar:/home/renato/.m2/repository/io/netty/netty-handler-proxy/4.1.65.Final/netty-handler-proxy-4.1.65.Final.jar:/home/renato/.m2/repository/io/netty/netty-codec-socks/4.1.65.Final/netty-codec-socks-4.1.65.Final.jar:/home/renato/.m2/repository/io/netty/netty-resolver/4.1.65.Final/netty-resolver-4.1.65.Final.jar:/home/renato/.m2/repository/io/netty/netty-resolver-dns/4.1.65.Final/netty-resolver-dns-4.1.65.Final.jar:/home/renato/.m2/repository/io/netty/netty-codec-dns/4.1.65.Final/netty-codec-dns-4.1.65.Final.jar:/home/renato/.m2/repository/io/vertx/vertx-web/4.1.2/vertx-web-4.1.2.jar:/home/renato/.m2/repository/io/vertx/vertx-web-common/4.1.2/vertx-web-common-4.1.2.jar:/home/renato/.m2/repository/io/vertx/vertx-auth-common/4.1.2/vertx-auth-common-4.1.2.jar:/home/renato/.m2/repository/io/vertx/vertx-bridge-common/4.1.2/vertx-bridge-common-4.1.2.jar:/home/renato/.m2/repository/io/quarkus/quarkus-resteasy-server-common/2.1.2.Final/quarkus-resteasy-server-common-2.1.2.Final.jar:/home/renato/.m2/repository/io/quarkus/quarkus-resteasy-common/2.1.2.Final/quarkus-resteasy-common-2.1.2.Final.jar:/home/renato/.m2/repository/org/jboss/resteasy/resteasy-core/4.7.0.Final/resteasy-core-4.7.0.Final.jar:/home/renato/.m2/repository/org/jboss/resteasy/resteasy-core-spi/4.7.0.Final/resteasy-core-spi-4.7.0.Final.jar:/home/renato/.m2/repository/com/ibm/async/asyncutil/0.1.0/asyncutil-0.1.0.jar:/home/renato/.m2/repository/jakarta/validation/jakarta.validation-api/2.0.2/jakarta.validation-api-2.0.2.jar:/home/renato/.m2/repository/io/quarkus/quarkus-jackson/2.1.2.Final/quarkus-jackson-2.1.2.Final.jar:/home/renato/.m2/repository/com/fasterxml/jackson/core/jackson-databind/2.12.4/jackson-databind-2.12.4.jar:/home/renato/.m2/repository/com/fasterxml/jackson/datatype/jackson-datatype-jsr310/2.12.4/jackson-datatype-jsr310-2.12.4.jar:/home/renato/.m2/repository/com/fasterxml/jackson/datatype/jackson-datatype-jdk8/2.12.4/jackson-datatype-jdk8-2.12.4.jar:/home/renato/.m2/repository/com/fasterxml/jackson/module/jackson-module-parameter-names/2.12.4/jackson-module-parameter-names-2.12.4.jar:/home/renato/.m2/repository/org/jboss/resteasy/resteasy-jackson2-provider/4.7.0.Final/resteasy-jackson2-provider-4.7.0.Final.jar:/home/renato/.m2/repository/com/fasterxml/jackson/core/jackson-core/2.12.4/jackson-core-2.12.4.jar:/home/renato/.m2/repository/com/fasterxml/jackson/core/jackson-annotations/2.12.4/jackson-annotations-2.12.4.jar:/home/renato/.m2/repository/com/fasterxml/jackson/jaxrs/jackson-jaxrs-json-provider/2.12.4/jackson-jaxrs-json-provider-2.12.4.jar:/home/renato/.m2/repository/com/fasterxml/jackson/jaxrs/jackson-jaxrs-base/2.12.4/jackson-jaxrs-base-2.12.4.jar:/home/renato/.m2/repository/com/fasterxml/jackson/module/jackson-module-jaxb-annotations/2.12.4/jackson-module-jaxb-annotations-2.12.4.jar:/home/renato/.m2/repository/com/github/java-json-tools/json-patch/1.13/json-patch-1.13.jar:/home/renato/.m2/repository/com/github/java-json-tools/msg-simple/1.2/msg-simple-1.2.jar:/home/renato/.m2/repository/com/github/java-json-tools/btf/1.3/btf-1.3.jar:/home/renato/.m2/repository/com/github/java-json-tools/jackson-coreutils/2.0/jackson-coreutils-2.0.jar:/home/renato/.m2/repository/org/jboss/spec/javax/xml/bind/jboss-jaxb-api_2.3_spec/2.0.0.Final/jboss-jaxb-api_2.3_spec-2.0.0.Final.jar:/home/renato/.m2/repository/io/quarkus/quarkus-hibernate-orm-panache/2.1.2.Final/quarkus-hibernate-orm-panache-2.1.2.Final.jar:/home/renato/.m2/repository/io/quarkus/quarkus-hibernate-orm/2.1.2.Final/quarkus-hibernate-orm-2.1.2.Final.jar:/home/renato/.m2/repository/io/quarkus/quarkus-agroal/2.1.2.Final/quarkus-agroal-2.1.2.Final.jar:/home/renato/.m2/repository/io/quarkus/quarkus-datasource/2.1.2.Final/quarkus-datasource-2.1.2.Final.jar:/home/renato/.m2/repository/io/quarkus/quarkus-datasource-common/2.1.2.Final/quarkus-datasource-common-2.1.2.Final.jar:/home/renato/.m2/repository/org/jboss/narayana/jta/narayana-jta/5.12.0.Final/narayana-jta-5.12.0.Final.jar:/home/renato/.m2/repository/org/jboss/jboss-transaction-spi/7.6.0.Final/jboss-transaction-spi-7.6.0.Final.jar:/home/renato/.m2/repository/org/jboss/spec/javax/resource/jboss-connector-api_1.7_spec/1.0.0.Final/jboss-connector-api_1.7_spec-1.0.0.Final.jar:/home/renato/.m2/repository/org/jboss/narayana/jts/narayana-jts-integration/5.12.0.Final/narayana-jts-integration-5.12.0.Final.jar:/home/renato/.m2/repository/io/agroal/agroal-api/1.12/agroal-api-1.12.jar:/home/renato/.m2/repository/io/agroal/agroal-narayana/1.12/agroal-narayana-1.12.jar:/home/renato/.m2/repository/io/agroal/agroal-pool/1.12/agroal-pool-1.12.jar:/home/renato/.m2/repository/io/quarkus/quarkus-credentials/2.1.2.Final/quarkus-credentials-2.1.2.Final.jar:/home/renato/.m2/repository/io/quarkus/quarkus-narayana-jta/2.1.2.Final/quarkus-narayana-jta-2.1.2.Final.jar:/home/renato/.m2/repository/io/smallrye/smallrye-context-propagation-jta/1.2.0/smallrye-context-propagation-jta-1.2.0.jar:/home/renato/.m2/repository/io/smallrye/reactive/smallrye-reactive-converter-api/2.6.0/smallrye-reactive-converter-api-2.6.0.jar:/home/renato/.m2/repository/org/reactivestreams/reactive-streams/1.0.3/reactive-streams-1.0.3.jar:/home/renato/.m2/repository/io/smallrye/reactive/smallrye-reactive-converter-mutiny/2.6.0/smallrye-reactive-converter-mutiny-2.6.0.jar:/home/renato/.m2/repository/org/hibernate/hibernate-core/5.5.6.Final/hibernate-core-5.5.6.Final.jar:/home/renato/.m2/repository/net/bytebuddy/byte-buddy/1.11.8/byte-buddy-1.11.8.jar:/home/renato/.m2/repository/antlr/antlr/2.7.7/antlr-2.7.7.jar:/home/renato/.m2/repository/com/fasterxml/classmate/1.5.1/classmate-1.5.1.jar:/home/renato/.m2/repository/org/hibernate/common/hibernate-commons-annotations/5.1.2.Final/hibernate-commons-annotations-5.1.2.Final.jar:/home/renato/.m2/repository/org/hibernate/hibernate-graalvm/5.5.6.Final/hibernate-graalvm-5.5.6.Final.jar:/home/renato/.m2/repository/org/glassfish/jaxb/jaxb-runtime/2.3.3-b02/jaxb-runtime-2.3.3-b02.jar:/home/renato/.m2/repository/org/glassfish/jaxb/txw2/2.3.3-b02/txw2-2.3.3-b02.jar:/home/renato/.m2/repository/com/sun/istack/istack-commons-runtime/3.0.10/istack-commons-runtime-3.0.10.jar:/home/renato/.m2/repository/com/sun/activation/jakarta.activation/1.2.1/jakarta.activation-1.2.1.jar:/home/renato/.m2/repository/jakarta/persistence/jakarta.persistence-api/2.2.3/jakarta.persistence-api-2.2.3.jar:/home/renato/.m2/repository/org/hibernate/quarkus-local-cache/0.1.0/quarkus-local-cache-0.1.0.jar:/home/renato/.m2/repository/com/github/ben-manes/caffeine/caffeine/2.9.2/caffeine-2.9.2.jar:/home/renato/.m2/repository/com/google/errorprone/error_prone_annotations/2.2.0/error_prone_annotations-2.2.0.jar:/home/renato/.m2/repository/io/quarkus/quarkus-caffeine/2.1.2.Final/quarkus-caffeine-2.1.2.Final.jar:/home/renato/.m2/repository/io/quarkus/quarkus-hibernate-orm-panache-common/2.1.2.Final/quarkus-hibernate-orm-panache-common-2.1.2.Final.jar:/home/renato/.m2/repository/io/quarkus/quarkus-panache-hibernate-common/2.1.2.Final/quarkus-panache-hibernate-common-2.1.2.Final.jar:/home/renato/.m2/repository/io/quarkus/quarkus-panache-common/2.1.2.Final/quarkus-panache-common-2.1.2.Final.jar:/home/renato/.m2/repository/io/quarkus/quarkus-jdbc-postgresql/2.1.2.Final/quarkus-jdbc-postgresql-2.1.2.Final.jar:/home/renato/.m2/repository/org/postgresql/postgresql/42.2.23/postgresql-42.2.23.jar:/home/renato/.m2/repository/io/quarkus/quarkus-smallrye-opentracing/2.1.2.Final/quarkus-smallrye-opentracing-2.1.2.Final.jar:/home/renato/.m2/repository/org/eclipse/microprofile/config/microprofile-config-api/2.0/microprofile-config-api-2.0.jar:/home/renato/.m2/repository/org/eclipse/microprofile/opentracing/microprofile-opentracing-api/2.0/microprofile-opentracing-api-2.0.jar:/home/renato/.m2/repository/io/smallrye/smallrye-opentracing/2.0.1/smallrye-opentracing-2.0.1.jar:/home/renato/.m2/repository/org/eclipse/microprofile/rest/client/microprofile-rest-client-api/2.0/microprofile-rest-client-api-2.0.jar:/home/renato/.m2/repository/io/opentracing/opentracing-api/0.33.0/opentracing-api-0.33.0.jar:/home/renato/.m2/repository/io/opentracing/contrib/opentracing-jaxrs2/1.0.0/opentracing-jaxrs2-1.0.0.jar:/home/renato/.m2/repository/io/opentracing/contrib/opentracing-web-servlet-filter/0.4.0/opentracing-web-servlet-filter-0.4.0.jar:/home/renato/.m2/repository/io/opentracing/contrib/opentracing-concurrent/0.4.0/opentracing-concurrent-0.4.0.jar:/home/renato/.m2/repository/io/opentracing/opentracing-noop/0.33.0/opentracing-noop-0.33.0.jar:/home/renato/.m2/repository/io/opentracing/contrib/opentracing-interceptors/0.1.3/opentracing-interceptors-0.1.3.jar:/home/renato/.m2/repository/io/opentracing/contrib/opentracing-tracerresolver/0.1.8/opentracing-tracerresolver-0.1.8.jar:/home/renato/.m2/repository/org/jboss/spec/javax/ws/rs/jboss-jaxrs-api_2.1_spec/2.0.1.Final/jboss-jaxrs-api_2.1_spec-2.0.1.Final.jar:/home/renato/.m2/repository/io/smallrye/smallrye-fault-tolerance-tracing-propagation/5.2.1/smallrye-fault-tolerance-tracing-propagation-5.2.1.jar:/home/renato/.m2/repository/jakarta/inject/jakarta.inject-api/1.0/jakarta.inject-api-1.0.jar:/home/renato/.m2/repository/io/quarkus/quarkus-jaeger/2.1.2.Final/quarkus-jaeger-2.1.2.Final.jar:/home/renato/.m2/repository/io/jaegertracing/jaeger-core/1.4.0/jaeger-core-1.4.0.jar:/home/renato/.m2/repository/io/opentracing/opentracing-util/0.33.0/opentracing-util-0.33.0.jar:/home/renato/.m2/repository/com/google/code/gson/gson/2.8.6/gson-2.8.6.jar:/home/renato/.m2/repository/io/jaegertracing/jaeger-thrift/1.4.0/jaeger-thrift-1.4.0.jar:/home/renato/.m2/repository/org/apache/thrift/libthrift/0.13.0/libthrift-0.13.0.jar:/home/renato/.m2/repository/com/squareup/okhttp3/okhttp/3.14.9/okhttp-3.14.9.jar:/home/renato/.m2/repository/com/squareup/okio/okio/1.17.2/okio-1.17.2.jar:/home/renato/.m2/repository/jakarta/activation/jakarta.activation-api/1.2.1/jakarta.activation-api-1.2.1.jar:/home/renato/.m2/repository/io/quarkus/quarkus-jsonp/2.1.2.Final/quarkus-jsonp-2.1.2.Final.jar:/home/renato/.m2/repository/org/glassfish/jakarta.json/1.1.6/jakarta.json-1.1.6.jar:/home/renato/.m2/repository/jakarta/servlet/jakarta.servlet-api/4.0.3/jakarta.servlet-api-4.0.3.jar:/home/renato/.m2/repository/io/quarkus/quarkus-junit5/2.1.2.Final/quarkus-junit5-2.1.2.Final.jar:/home/renato/.m2/repository/io/quarkus/quarkus-bootstrap-core/2.1.2.Final/quarkus-bootstrap-core-2.1.2.Final.jar:/home/renato/.m2/repository/io/quarkus/quarkus-bootstrap-app-model/2.1.2.Final/quarkus-bootstrap-app-model-2.1.2.Final.jar:/home/renato/.m2/repository/io/quarkus/quarkus-bootstrap-maven-resolver/2.1.2.Final/quarkus-bootstrap-maven-resolver-2.1.2.Final.jar:/home/renato/.m2/repository/org/apache/maven/maven-embedder/3.8.1/maven-embedder-3.8.1.jar:/home/renato/.m2/repository/org/apache/maven/maven-settings/3.8.1/maven-settings-3.8.1.jar:/home/renato/.m2/repository/org/apache/maven/maven-core/3.8.1/maven-core-3.8.1.jar:/home/renato/.m2/repository/org/apache/maven/maven-artifact/3.8.1/maven-artifact-3.8.1.jar:/home/renato/.m2/repository/org/codehaus/plexus/plexus-component-annotations/2.1.0/plexus-component-annotations-2.1.0.jar:/home/renato/.m2/repository/org/apache/maven/maven-plugin-api/3.8.1/maven-plugin-api-3.8.1.jar:/home/renato/.m2/repository/org/apache/maven/maven-model/3.8.1/maven-model-3.8.1.jar:/home/renato/.m2/repository/org/apache/maven/maven-model-builder/3.8.1/maven-model-builder-3.8.1.jar:/home/renato/.m2/repository/org/apache/maven/maven-builder-support/3.8.1/maven-builder-support-3.8.1.jar:/home/renato/.m2/repository/org/apache/maven/resolver/maven-resolver-api/1.6.2/maven-resolver-api-1.6.2.jar:/home/renato/.m2/repository/org/apache/maven/resolver/maven-resolver-util/1.6.2/maven-resolver-util-1.6.2.jar:/home/renato/.m2/repository/org/apache/maven/shared/maven-shared-utils/3.3.3/maven-shared-utils-3.3.3.jar:/home/renato/.m2/repository/commons-io/commons-io/2.11.0/commons-io-2.11.0.jar:/home/renato/.m2/repository/com/google/inject/guice/4.2.1/guice-4.2.1-no_aop.jar:/home/renato/.m2/repository/com/google/guava/guava/30.1.1-jre/guava-30.1.1-jre.jar:/home/renato/.m2/repository/com/google/guava/failureaccess/1.0.1/failureaccess-1.0.1.jar:/home/renato/.m2/repository/com/google/guava/listenablefuture/9999.0-empty-to-avoid-conflict-with-guava/listenablefuture-9999.0-empty-to-avoid-conflict-with-guava.jar:/home/renato/.m2/repository/org/codehaus/plexus/plexus-utils/3.2.1/plexus-utils-3.2.1.jar:/home/renato/.m2/repository/org/codehaus/plexus/plexus-classworlds/2.6.0/plexus-classworlds-2.6.0.jar:/home/renato/.m2/repository/commons-cli/commons-cli/1.4/commons-cli-1.4.jar:/home/renato/.m2/repository/org/eclipse/sisu/org.eclipse.sisu.plexus/0.3.4/org.eclipse.sisu.plexus-0.3.4.jar:/home/renato/.m2/repository/org/apache/maven/maven-settings-builder/3.8.1/maven-settings-builder-3.8.1.jar:/home/renato/.m2/repository/org/codehaus/plexus/plexus-interpolation/1.25/plexus-interpolation-1.25.jar:/home/renato/.m2/repository/org/sonatype/plexus/plexus-sec-dispatcher/1.4/plexus-sec-dispatcher-1.4.jar:/home/renato/.m2/repository/org/sonatype/plexus/plexus-cipher/1.4/plexus-cipher-1.4.jar:/home/renato/.m2/repository/org/apache/maven/maven-resolver-provider/3.8.1/maven-resolver-provider-3.8.1.jar:/home/renato/.m2/repository/org/apache/maven/maven-repository-metadata/3.8.1/maven-repository-metadata-3.8.1.jar:/home/renato/.m2/repository/org/apache/maven/resolver/maven-resolver-spi/1.6.2/maven-resolver-spi-1.6.2.jar:/home/renato/.m2/repository/org/apache/maven/resolver/maven-resolver-impl/1.6.2/maven-resolver-impl-1.6.2.jar:/home/renato/.m2/repository/org/apache/maven/resolver/maven-resolver-connector-basic/1.6.2/maven-resolver-connector-basic-1.6.2.jar:/home/renato/.m2/repository/org/apache/maven/resolver/maven-resolver-transport-wagon/1.6.2/maven-resolver-transport-wagon-1.6.2.jar:/home/renato/.m2/repository/org/apache/maven/wagon/wagon-http/3.4.3/wagon-http-3.4.3.jar:/home/renato/.m2/repository/org/apache/maven/wagon/wagon-http-shared/3.4.3/wagon-http-shared-3.4.3.jar:/home/renato/.m2/repository/org/jsoup/jsoup/1.12.1/jsoup-1.12.1.jar:/home/renato/.m2/repository/org/apache/maven/wagon/wagon-provider-api/3.4.3/wagon-provider-api-3.4.3.jar:/home/renato/.m2/repository/org/apache/maven/wagon/wagon-file/3.4.3/wagon-file-3.4.3.jar:/home/renato/.m2/repository/io/quarkus/quarkus-bootstrap-gradle-resolver/2.1.2.Final/quarkus-bootstrap-gradle-resolver-2.1.2.Final.jar:/home/renato/.m2/repository/io/smallrye/common/smallrye-common-io/1.6.0/smallrye-common-io-1.6.0.jar:/home/renato/.m2/repository/org/eclipse/sisu/org.eclipse.sisu.inject/0.3.4/org.eclipse.sisu.inject-0.3.4.jar:/home/renato/.m2/repository/io/quarkus/quarkus-test-common/2.1.2.Final/quarkus-test-common-2.1.2.Final.jar:/home/renato/.m2/repository/io/quarkus/quarkus-core-deployment/2.1.2.Final/quarkus-core-deployment-2.1.2.Final.jar:/home/renato/.m2/repository/org/aesh/readline/2.1/readline-2.1.jar:/home/renato/.m2/repository/org/fusesource/jansi/jansi/1.18/jansi-1.18.jar:/home/renato/.m2/repository/io/quarkus/gizmo/gizmo/1.0.9.Final/gizmo-1.0.9.Final.jar:/home/renato/.m2/repository/org/ow2/asm/asm-util/9.1/asm-util-9.1.jar:/home/renato/.m2/repository/org/ow2/asm/asm-tree/9.1/asm-tree-9.1.jar:/home/renato/.m2/repository/org/ow2/asm/asm-analysis/9.1/asm-analysis-9.1.jar:/home/renato/.m2/repository/org/ow2/asm/asm/9.1/asm-9.1.jar:/home/renato/.m2/repository/io/quarkus/quarkus-class-change-agent/2.1.2.Final/quarkus-class-change-agent-2.1.2.Final.jar:/home/renato/.m2/repository/io/quarkus/quarkus-devtools-utilities/2.1.2.Final/quarkus-devtools-utilities-2.1.2.Final.jar:/home/renato/.m2/repository/io/quarkus/quarkus-builder/2.1.2.Final/quarkus-builder-2.1.2.Final.jar:/home/renato/.m2/repository/org/junit/platform/junit-platform-launcher/1.7.2/junit-platform-launcher-1.7.2.jar:/home/renato/.m2/repository/io/quarkus/quarkus-jsonp-deployment/2.1.2.Final/quarkus-jsonp-deployment-2.1.2.Final.jar:/home/renato/.m2/repository/org/jboss/jandex/2.3.0.Final/jandex-2.3.0.Final.jar:/home/renato/.m2/repository/org/jboss/logging/commons-logging-jboss-logging/1.0.0.Final/commons-logging-jboss-logging-1.0.0.Final.jar:/home/renato/.m2/repository/org/junit/jupiter/junit-jupiter/5.7.2/junit-jupiter-5.7.2.jar:/home/renato/.m2/repository/org/junit/jupiter/junit-jupiter-api/5.7.2/junit-jupiter-api-5.7.2.jar:/home/renato/.m2/repository/org/apiguardian/apiguardian-api/1.1.0/apiguardian-api-1.1.0.jar:/home/renato/.m2/repository/org/opentest4j/opentest4j/1.2.0/opentest4j-1.2.0.jar:/home/renato/.m2/repository/org/junit/platform/junit-platform-commons/1.7.2/junit-platform-commons-1.7.2.jar:/home/renato/.m2/repository/org/junit/jupiter/junit-jupiter-params/5.7.2/junit-jupiter-params-5.7.2.jar:/home/renato/.m2/repository/org/junit/jupiter/junit-jupiter-engine/5.7.2/junit-jupiter-engine-5.7.2.jar:/home/renato/.m2/repository/org/junit/platform/junit-platform-engine/1.7.2/junit-platform-engine-1.7.2.jar:/home/renato/.m2/repository/com/thoughtworks/xstream/xstream/1.4.17/xstream-1.4.17.jar:/home/renato/.m2/repository/io/github/x-stream/mxparser/1.2.1/mxparser-1.2.1.jar:/home/renato/.m2/repository/xmlpull/xmlpull/1.1.3.1/xmlpull-1.1.3.1.jar:/home/renato/.m2/repository/io/rest-assured/rest-assured/4.4.0/rest-assured-4.4.0.jar:/home/renato/.m2/repository/org/codehaus/groovy/groovy/3.0.8/groovy-3.0.8.jar:/home/renato/.m2/repository/org/codehaus/groovy/groovy-xml/3.0.8/groovy-xml-3.0.8.jar:/home/renato/.m2/repository/org/apache/httpcomponents/httpclient/4.5.13/httpclient-4.5.13.jar:/home/renato/.m2/repository/org/apache/httpcomponents/httpcore/4.4.14/httpcore-4.4.14.jar:/home/renato/.m2/repository/commons-codec/commons-codec/1.15/commons-codec-1.15.jar:/home/renato/.m2/repository/org/apache/httpcomponents/httpmime/4.5.13/httpmime-4.5.13.jar:/home/renato/.m2/repository/org/hamcrest/hamcrest/2.1/hamcrest-2.1.jar:/home/renato/.m2/repository/org/ccil/cowan/tagsoup/tagsoup/1.2.1/tagsoup-1.2.1.jar:/home/renato/.m2/repository/io/rest-assured/json-path/4.4.0/json-path-4.4.0.jar:/home/renato/.m2/repository/org/codehaus/groovy/groovy-json/3.0.8/groovy-json-3.0.8.jar:/home/renato/.m2/repository/io/rest-assured/rest-assured-common/4.4.0/rest-assured-common-4.4.0.jar:/home/renato/.m2/repository/io/rest-assured/xml-path/4.4.0/xml-path-4.4.0.jar:/home/renato/.m2/repository/org/apache/commons/commons-lang3/3.12.0/commons-lang3-3.12.0.jar:/home/renato/.m2/repository/jakarta/xml/bind/jakarta.xml.bind-api/2.3.3/jakarta.xml.bind-api-2.3.3.jar:/home/renato/.m2/repository/com/sun/xml/bind/jaxb-impl/2.3.3/jaxb-impl-2.3.3.jar:"/>
    <property name="java.vm.vendor" value="GraalVM Community"/>
    <property name="sun.arch.data.model" value="64"/>
    <property name="java.vendor.url" value="https://www.graalvm.org/"/>
    <property name="user.timezone" value="America/Sao_Paulo"/>
    <property name="java.vm.specification.version" value="11"/>
    <property name="os.name" value="Linux"/>
    <property name="sun.java.launcher" value="SUN_STANDARD"/>
    <property name="user.country" value="US"/>
    <property name="sun.boot.library.path" value="/home/renato/.sdkman/candidates/java/20.3.3.r11-grl/lib"/>
    <property name="sun.java.command" value="/mnt/dados/Desenv/quarkus-crud-poc/target/surefire/surefirebooter2554033924090586656.jar /mnt/dados/Desenv/quarkus-crud-poc/target/surefire 2021-08-31T18-50-43_299-jvmRun1 surefire6706862042874936076tmp surefire_07985365594186921614tmp"/>
    <property name="jdk.debug" value="release"/>
    <property name="maven.home" value="/home/renato/.m2/wrapper/dists/apache-maven-3.6.3-bin/1iopthnavndlasol9gbrbg6bf2/apache-maven-3.6.3"/>
    <property name="surefire.test.class.path" value="/mnt/dados/Desenv/quarkus-crud-poc/target/test-classes:/mnt/dados/Desenv/quarkus-crud-poc/target/classes:/home/renato/.m2/repository/io/quarkus/quarkus-arc/2.1.2.Final/quarkus-arc-2.1.2.Final.jar:/home/renato/.m2/repository/io/quarkus/arc/arc/2.1.2.Final/arc-2.1.2.Final.jar:/home/renato/.m2/repository/jakarta/enterprise/jakarta.enterprise.cdi-api/2.0.2/jakarta.enterprise.cdi-api-2.0.2.jar:/home/renato/.m2/repository/jakarta/el/jakarta.el-api/3.0.3/jakarta.el-api-3.0.3.jar:/home/renato/.m2/repository/jakarta/interceptor/jakarta.interceptor-api/1.2.5/jakarta.interceptor-api-1.2.5.jar:/home/renato/.m2/repository/jakarta/annotation/jakarta.annotation-api/1.3.5/jakarta.annotation-api-1.3.5.jar:/home/renato/.m2/repository/jakarta/transaction/jakarta.transaction-api/1.3.3/jakarta.transaction-api-1.3.3.jar:/home/renato/.m2/repository/org/jboss/logging/jboss-logging/3.4.2.Final/jboss-logging-3.4.2.Final.jar:/home/renato/.m2/repository/io/quarkus/quarkus-core/2.1.2.Final/quarkus-core-2.1.2.Final.jar:/home/renato/.m2/repository/io/quarkus/quarkus-ide-launcher/2.1.2.Final/quarkus-ide-launcher-2.1.2.Final.jar:/home/renato/.m2/repository/io/quarkus/quarkus-development-mode-spi/2.1.2.Final/quarkus-development-mode-spi-2.1.2.Final.jar:/home/renato/.m2/repository/io/smallrye/config/smallrye-config/2.4.3/smallrye-config-2.4.3.jar:/home/renato/.m2/repository/io/smallrye/config/smallrye-config-core/2.4.3/smallrye-config-core-2.4.3.jar:/home/renato/.m2/repository/io/smallrye/common/smallrye-common-annotation/1.6.0/smallrye-common-annotation-1.6.0.jar:/home/renato/.m2/repository/io/smallrye/common/smallrye-common-expression/1.6.0/smallrye-common-expression-1.6.0.jar:/home/renato/.m2/repository/io/smallrye/common/smallrye-common-function/1.6.0/smallrye-common-function-1.6.0.jar:/home/renato/.m2/repository/io/smallrye/common/smallrye-common-constraint/1.6.0/smallrye-common-constraint-1.6.0.jar:/home/renato/.m2/repository/io/smallrye/common/smallrye-common-classloader/1.6.0/smallrye-common-classloader-1.6.0.jar:/home/renato/.m2/repository/io/smallrye/config/smallrye-config-common/2.4.3/smallrye-config-common-2.4.3.jar:/home/renato/.m2/repository/org/jboss/logmanager/jboss-logmanager-embedded/1.0.9/jboss-logmanager-embedded-1.0.9.jar:/home/renato/.m2/repository/org/jboss/logging/jboss-logging-annotations/2.2.1.Final/jboss-logging-annotations-2.2.1.Final.jar:/home/renato/.m2/repository/org/jboss/threads/jboss-threads/3.4.2.Final/jboss-threads-3.4.2.Final.jar:/home/renato/.m2/repository/org/slf4j/slf4j-api/1.7.30/slf4j-api-1.7.30.jar:/home/renato/.m2/repository/org/jboss/slf4j/slf4j-jboss-logmanager/1.1.0.Final/slf4j-jboss-logmanager-1.1.0.Final.jar:/home/renato/.m2/repository/org/graalvm/sdk/graal-sdk/21.1.0/graal-sdk-21.1.0.jar:/home/renato/.m2/repository/org/wildfly/common/wildfly-common/1.5.4.Final-format-001/wildfly-common-1.5.4.Final-format-001.jar:/home/renato/.m2/repository/io/quarkus/quarkus-bootstrap-runner/2.1.2.Final/quarkus-bootstrap-runner-2.1.2.Final.jar:/home/renato/.m2/repository/org/eclipse/microprofile/context-propagation/microprofile-context-propagation-api/1.2/microprofile-context-propagation-api-1.2.jar:/home/renato/.m2/repository/io/quarkus/quarkus-resteasy-jackson/2.1.2.Final/quarkus-resteasy-jackson-2.1.2.Final.jar:/home/renato/.m2/repository/io/quarkus/quarkus-resteasy/2.1.2.Final/quarkus-resteasy-2.1.2.Final.jar:/home/renato/.m2/repository/io/quarkus/quarkus-vertx-http/2.1.2.Final/quarkus-vertx-http-2.1.2.Final.jar:/home/renato/.m2/repository/io/quarkus/quarkus-security-runtime-spi/2.1.2.Final/quarkus-security-runtime-spi-2.1.2.Final.jar:/home/renato/.m2/repository/io/quarkus/quarkus-mutiny/2.1.2.Final/quarkus-mutiny-2.1.2.Final.jar:/home/renato/.m2/repository/io/smallrye/reactive/mutiny/0.19.2/mutiny-0.19.2.jar:/home/renato/.m2/repository/io/quarkus/quarkus-smallrye-context-propagation/2.1.2.Final/quarkus-smallrye-context-propagation-2.1.2.Final.jar:/home/renato/.m2/repository/io/smallrye/smallrye-context-propagation/1.2.0/smallrye-context-propagation-1.2.0.jar:/home/renato/.m2/repository/io/smallrye/smallrye-context-propagation-api/1.2.0/smallrye-context-propagation-api-1.2.0.jar:/home/renato/.m2/repository/io/smallrye/smallrye-context-propagation-storage/1.2.0/smallrye-context-propagation-storage-1.2.0.jar:/home/renato/.m2/repository/io/smallrye/reactive/mutiny-smallrye-context-propagation/0.19.2/mutiny-smallrye-context-propagation-0.19.2.jar:/home/renato/.m2/repository/io/quarkus/quarkus-vertx-http-dev-console-runtime-spi/2.1.2.Final/quarkus-vertx-http-dev-console-runtime-spi-2.1.2.Final.jar:/home/renato/.m2/repository/io/quarkus/security/quarkus-security/1.1.4.Final/quarkus-security-1.1.4.Final.jar:/home/renato/.m2/repository/io/quarkus/quarkus-vertx-core/2.1.2.Final/quarkus-vertx-core-2.1.2.Final.jar:/home/renato/.m2/repository/io/quarkus/quarkus-netty/2.1.2.Final/quarkus-netty-2.1.2.Final.jar:/home/renato/.m2/repository/io/netty/netty-codec/4.1.65.Final/netty-codec-4.1.65.Final.jar:/home/renato/.m2/repository/io/netty/netty-codec-http/4.1.65.Final/netty-codec-http-4.1.65.Final.jar:/home/renato/.m2/repository/io/netty/netty-codec-http2/4.1.65.Final/netty-codec-http2-4.1.65.Final.jar:/home/renato/.m2/repository/io/netty/netty-handler/4.1.65.Final/netty-handler-4.1.65.Final.jar:/home/renato/.m2/repository/io/netty/netty-codec-haproxy/4.1.65.Final/netty-codec-haproxy-4.1.65.Final.jar:/home/renato/.m2/repository/io/netty/netty-buffer/4.1.65.Final/netty-buffer-4.1.65.Final.jar:/home/renato/.m2/repository/io/netty/netty-transport/4.1.65.Final/netty-transport-4.1.65.Final.jar:/home/renato/.m2/repository/io/vertx/vertx-core/4.1.2/vertx-core-4.1.2.jar:/home/renato/.m2/repository/io/netty/netty-common/4.1.65.Final/netty-common-4.1.65.Final.jar:/home/renato/.m2/repository/io/netty/netty-handler-proxy/4.1.65.Final/netty-handler-proxy-4.1.65.Final.jar:/home/renato/.m2/repository/io/netty/netty-codec-socks/4.1.65.Final/netty-codec-socks-4.1.65.Final.jar:/home/renato/.m2/repository/io/netty/netty-resolver/4.1.65.Final/netty-resolver-4.1.65.Final.jar:/home/renato/.m2/repository/io/netty/netty-resolver-dns/4.1.65.Final/netty-resolver-dns-4.1.65.Final.jar:/home/renato/.m2/repository/io/netty/netty-codec-dns/4.1.65.Final/netty-codec-dns-4.1.65.Final.jar:/home/renato/.m2/repository/io/vertx/vertx-web/4.1.2/vertx-web-4.1.2.jar:/home/renato/.m2/repository/io/vertx/vertx-web-common/4.1.2/vertx-web-common-4.1.2.jar:/home/renato/.m2/repository/io/vertx/vertx-auth-common/4.1.2/vertx-auth-common-4.1.2.jar:/home/renato/.m2/repository/io/vertx/vertx-bridge-common/4.1.2/vertx-bridge-common-4.1.2.jar:/home/renato/.m2/repository/io/quarkus/quarkus-resteasy-server-common/2.1.2.Final/quarkus-resteasy-server-common-2.1.2.Final.jar:/home/renato/.m2/repository/io/quarkus/quarkus-resteasy-common/2.1.2.Final/quarkus-resteasy-common-2.1.2.Final.jar:/home/renato/.m2/repository/org/jboss/resteasy/resteasy-core/4.7.0.Final/resteasy-core-4.7.0.Final.jar:/home/renato/.m2/repository/org/jboss/resteasy/resteasy-core-spi/4.7.0.Final/resteasy-core-spi-4.7.0.Final.jar:/home/renato/.m2/repository/com/ibm/async/asyncutil/0.1.0/asyncutil-0.1.0.jar:/home/renato/.m2/repository/jakarta/validation/jakarta.validation-api/2.0.2/jakarta.validation-api-2.0.2.jar:/home/renato/.m2/repository/io/quarkus/quarkus-jackson/2.1.2.Final/quarkus-jackson-2.1.2.Final.jar:/home/renato/.m2/repository/com/fasterxml/jackson/core/jackson-databind/2.12.4/jackson-databind-2.12.4.jar:/home/renato/.m2/repository/com/fasterxml/jackson/datatype/jackson-datatype-jsr310/2.12.4/jackson-datatype-jsr310-2.12.4.jar:/home/renato/.m2/repository/com/fasterxml/jackson/datatype/jackson-datatype-jdk8/2.12.4/jackson-datatype-jdk8-2.12.4.jar:/home/renato/.m2/repository/com/fasterxml/jackson/module/jackson-module-parameter-names/2.12.4/jackson-module-parameter-names-2.12.4.jar:/home/renato/.m2/repository/org/jboss/resteasy/resteasy-jackson2-provider/4.7.0.Final/resteasy-jackson2-provider-4.7.0.Final.jar:/home/renato/.m2/repository/com/fasterxml/jackson/core/jackson-core/2.12.4/jackson-core-2.12.4.jar:/home/renato/.m2/repository/com/fasterxml/jackson/core/jackson-annotations/2.12.4/jackson-annotations-2.12.4.jar:/home/renato/.m2/repository/com/fasterxml/jackson/jaxrs/jackson-jaxrs-json-provider/2.12.4/jackson-jaxrs-json-provider-2.12.4.jar:/home/renato/.m2/repository/com/fasterxml/jackson/jaxrs/jackson-jaxrs-base/2.12.4/jackson-jaxrs-base-2.12.4.jar:/home/renato/.m2/repository/com/fasterxml/jackson/module/jackson-module-jaxb-annotations/2.12.4/jackson-module-jaxb-annotations-2.12.4.jar:/home/renato/.m2/repository/com/github/java-json-tools/json-patch/1.13/json-patch-1.13.jar:/home/renato/.m2/repository/com/github/java-json-tools/msg-simple/1.2/msg-simple-1.2.jar:/home/renato/.m2/repository/com/github/java-json-tools/btf/1.3/btf-1.3.jar:/home/renato/.m2/repository/com/github/java-json-tools/jackson-coreutils/2.0/jackson-coreutils-2.0.jar:/home/renato/.m2/repository/org/jboss/spec/javax/xml/bind/jboss-jaxb-api_2.3_spec/2.0.0.Final/jboss-jaxb-api_2.3_spec-2.0.0.Final.jar:/home/renato/.m2/repository/io/quarkus/quarkus-hibernate-orm-panache/2.1.2.Final/quarkus-hibernate-orm-panache-2.1.2.Final.jar:/home/renato/.m2/repository/io/quarkus/quarkus-hibernate-orm/2.1.2.Final/quarkus-hibernate-orm-2.1.2.Final.jar:/home/renato/.m2/repository/io/quarkus/quarkus-agroal/2.1.2.Final/quarkus-agroal-2.1.2.Final.jar:/home/renato/.m2/repository/io/quarkus/quarkus-datasource/2.1.2.Final/quarkus-datasource-2.1.2.Final.jar:/home/renato/.m2/repository/io/quarkus/quarkus-datasource-common/2.1.2.Final/quarkus-datasource-common-2.1.2.Final.jar:/home/renato/.m2/repository/org/jboss/narayana/jta/narayana-jta/5.12.0.Final/narayana-jta-5.12.0.Final.jar:/home/renato/.m2/repository/org/jboss/jboss-transaction-spi/7.6.0.Final/jboss-transaction-spi-7.6.0.Final.jar:/home/renato/.m2/repository/org/jboss/spec/javax/resource/jboss-connector-api_1.7_spec/1.0.0.Final/jboss-connector-api_1.7_spec-1.0.0.Final.jar:/home/renato/.m2/repository/org/jboss/narayana/jts/narayana-jts-integration/5.12.0.Final/narayana-jts-integration-5.12.0.Final.jar:/home/renato/.m2/repository/io/agroal/agroal-api/1.12/agroal-api-1.12.jar:/home/renato/.m2/repository/io/agroal/agroal-narayana/1.12/agroal-narayana-1.12.jar:/home/renato/.m2/repository/io/agroal/agroal-pool/1.12/agroal-pool-1.12.jar:/home/renato/.m2/repository/io/quarkus/quarkus-credentials/2.1.2.Final/quarkus-credentials-2.1.2.Final.jar:/home/renato/.m2/repository/io/quarkus/quarkus-narayana-jta/2.1.2.Final/quarkus-narayana-jta-2.1.2.Final.jar:/home/renato/.m2/repository/io/smallrye/smallrye-context-propagation-jta/1.2.0/smallrye-context-propagation-jta-1.2.0.jar:/home/renato/.m2/repository/io/smallrye/reactive/smallrye-reactive-converter-api/2.6.0/smallrye-reactive-converter-api-2.6.0.jar:/home/renato/.m2/repository/org/reactivestreams/reactive-streams/1.0.3/reactive-streams-1.0.3.jar:/home/renato/.m2/repository/io/smallrye/reactive/smallrye-reactive-converter-mutiny/2.6.0/smallrye-reactive-converter-mutiny-2.6.0.jar:/home/renato/.m2/repository/org/hibernate/hibernate-core/5.5.6.Final/hibernate-core-5.5.6.Final.jar:/home/renato/.m2/repository/net/bytebuddy/byte-buddy/1.11.8/byte-buddy-1.11.8.jar:/home/renato/.m2/repository/antlr/antlr/2.7.7/antlr-2.7.7.jar:/home/renato/.m2/repository/com/fasterxml/classmate/1.5.1/classmate-1.5.1.jar:/home/renato/.m2/repository/org/hibernate/common/hibernate-commons-annotations/5.1.2.Final/hibernate-commons-annotations-5.1.2.Final.jar:/home/renato/.m2/repository/org/hibernate/hibernate-graalvm/5.5.6.Final/hibernate-graalvm-5.5.6.Final.jar:/home/renato/.m2/repository/org/glassfish/jaxb/jaxb-runtime/2.3.3-b02/jaxb-runtime-2.3.3-b02.jar:/home/renato/.m2/repository/org/glassfish/jaxb/txw2/2.3.3-b02/txw2-2.3.3-b02.jar:/home/renato/.m2/repository/com/sun/istack/istack-commons-runtime/3.0.10/istack-commons-runtime-3.0.10.jar:/home/renato/.m2/repository/com/sun/activation/jakarta.activation/1.2.1/jakarta.activation-1.2.1.jar:/home/renato/.m2/repository/jakarta/persistence/jakarta.persistence-api/2.2.3/jakarta.persistence-api-2.2.3.jar:/home/renato/.m2/repository/org/hibernate/quarkus-local-cache/0.1.0/quarkus-local-cache-0.1.0.jar:/home/renato/.m2/repository/com/github/ben-manes/caffeine/caffeine/2.9.2/caffeine-2.9.2.jar:/home/renato/.m2/repository/com/google/errorprone/error_prone_annotations/2.2.0/error_prone_annotations-2.2.0.jar:/home/renato/.m2/repository/io/quarkus/quarkus-caffeine/2.1.2.Final/quarkus-caffeine-2.1.2.Final.jar:/home/renato/.m2/repository/io/quarkus/quarkus-hibernate-orm-panache-common/2.1.2.Final/quarkus-hibernate-orm-panache-common-2.1.2.Final.jar:/home/renato/.m2/repository/io/quarkus/quarkus-panache-hibernate-common/2.1.2.Final/quarkus-panache-hibernate-common-2.1.2.Final.jar:/home/renato/.m2/repository/io/quarkus/quarkus-panache-common/2.1.2.Final/quarkus-panache-common-2.1.2.Final.jar:/home/renato/.m2/repository/io/quarkus/quarkus-jdbc-postgresql/2.1.2.Final/quarkus-jdbc-postgresql-2.1.2.Final.jar:/home/renato/.m2/repository/org/postgresql/postgresql/42.2.23/postgresql-42.2.23.jar:/home/renato/.m2/repository/io/quarkus/quarkus-smallrye-opentracing/2.1.2.Final/quarkus-smallrye-opentracing-2.1.2.Final.jar:/home/renato/.m2/repository/org/eclipse/microprofile/config/microprofile-config-api/2.0/microprofile-config-api-2.0.jar:/home/renato/.m2/repository/org/eclipse/microprofile/opentracing/microprofile-opentracing-api/2.0/microprofile-opentracing-api-2.0.jar:/home/renato/.m2/repository/io/smallrye/smallrye-opentracing/2.0.1/smallrye-opentracing-2.0.1.jar:/home/renato/.m2/repository/org/eclipse/microprofile/rest/client/microprofile-rest-client-api/2.0/microprofile-rest-client-api-2.0.jar:/home/renato/.m2/repository/io/opentracing/opentracing-api/0.33.0/opentracing-api-0.33.0.jar:/home/renato/.m2/repository/io/opentracing/contrib/opentracing-jaxrs2/1.0.0/opentracing-jaxrs2-1.0.0.jar:/home/renato/.m2/repository/io/opentracing/contrib/opentracing-web-servlet-filter/0.4.0/opentracing-web-servlet-filter-0.4.0.jar:/home/renato/.m2/repository/io/opentracing/contrib/opentracing-concurrent/0.4.0/opentracing-concurrent-0.4.0.jar:/home/renato/.m2/repository/io/opentracing/opentracing-noop/0.33.0/opentracing-noop-0.33.0.jar:/home/renato/.m2/repository/io/opentracing/contrib/opentracing-interceptors/0.1.3/opentracing-interceptors-0.1.3.jar:/home/renato/.m2/repository/io/opentracing/contrib/opentracing-tracerresolver/0.1.8/opentracing-tracerresolver-0.1.8.jar:/home/renato/.m2/repository/org/jboss/spec/javax/ws/rs/jboss-jaxrs-api_2.1_spec/2.0.1.Final/jboss-jaxrs-api_2.1_spec-2.0.1.Final.jar:/home/renato/.m2/repository/io/smallrye/smallrye-fault-tolerance-tracing-propagation/5.2.1/smallrye-fault-tolerance-tracing-propagation-5.2.1.jar:/home/renato/.m2/repository/jakarta/inject/jakarta.inject-api/1.0/jakarta.inject-api-1.0.jar:/home/renato/.m2/repository/io/quarkus/quarkus-jaeger/2.1.2.Final/quarkus-jaeger-2.1.2.Final.jar:/home/renato/.m2/repository/io/jaegertracing/jaeger-core/1.4.0/jaeger-core-1.4.0.jar:/home/renato/.m2/repository/io/opentracing/opentracing-util/0.33.0/opentracing-util-0.33.0.jar:/home/renato/.m2/repository/com/google/code/gson/gson/2.8.6/gson-2.8.6.jar:/home/renato/.m2/repository/io/jaegertracing/jaeger-thrift/1.4.0/jaeger-thrift-1.4.0.jar:/home/renato/.m2/repository/org/apache/thrift/libthrift/0.13.0/libthrift-0.13.0.jar:/home/renato/.m2/repository/com/squareup/okhttp3/okhttp/3.14.9/okhttp-3.14.9.jar:/home/renato/.m2/repository/com/squareup/okio/okio/1.17.2/okio-1.17.2.jar:/home/renato/.m2/repository/jakarta/activation/jakarta.activation-api/1.2.1/jakarta.activation-api-1.2.1.jar:/home/renato/.m2/repository/io/quarkus/quarkus-jsonp/2.1.2.Final/quarkus-jsonp-2.1.2.Final.jar:/home/renato/.m2/repository/org/glassfish/jakarta.json/1.1.6/jakarta.json-1.1.6.jar:/home/renato/.m2/repository/jakarta/servlet/jakarta.servlet-api/4.0.3/jakarta.servlet-api-4.0.3.jar:/home/renato/.m2/repository/io/quarkus/quarkus-junit5/2.1.2.Final/quarkus-junit5-2.1.2.Final.jar:/home/renato/.m2/repository/io/quarkus/quarkus-bootstrap-core/2.1.2.Final/quarkus-bootstrap-core-2.1.2.Final.jar:/home/renato/.m2/repository/io/quarkus/quarkus-bootstrap-app-model/2.1.2.Final/quarkus-bootstrap-app-model-2.1.2.Final.jar:/home/renato/.m2/repository/io/quarkus/quarkus-bootstrap-maven-resolver/2.1.2.Final/quarkus-bootstrap-maven-resolver-2.1.2.Final.jar:/home/renato/.m2/repository/org/apache/maven/maven-embedder/3.8.1/maven-embedder-3.8.1.jar:/home/renato/.m2/repository/org/apache/maven/maven-settings/3.8.1/maven-settings-3.8.1.jar:/home/renato/.m2/repository/org/apache/maven/maven-core/3.8.1/maven-core-3.8.1.jar:/home/renato/.m2/repository/org/apache/maven/maven-artifact/3.8.1/maven-artifact-3.8.1.jar:/home/renato/.m2/repository/org/codehaus/plexus/plexus-component-annotations/2.1.0/plexus-component-annotations-2.1.0.jar:/home/renato/.m2/repository/org/apache/maven/maven-plugin-api/3.8.1/maven-plugin-api-3.8.1.jar:/home/renato/.m2/repository/org/apache/maven/maven-model/3.8.1/maven-model-3.8.1.jar:/home/renato/.m2/repository/org/apache/maven/maven-model-builder/3.8.1/maven-model-builder-3.8.1.jar:/home/renato/.m2/repository/org/apache/maven/maven-builder-support/3.8.1/maven-builder-support-3.8.1.jar:/home/renato/.m2/repository/org/apache/maven/resolver/maven-resolver-api/1.6.2/maven-resolver-api-1.6.2.jar:/home/renato/.m2/repository/org/apache/maven/resolver/maven-resolver-util/1.6.2/maven-resolver-util-1.6.2.jar:/home/renato/.m2/repository/org/apache/maven/shared/maven-shared-utils/3.3.3/maven-shared-utils-3.3.3.jar:/home/renato/.m2/repository/commons-io/commons-io/2.11.0/commons-io-2.11.0.jar:/home/renato/.m2/repository/com/google/inject/guice/4.2.1/guice-4.2.1-no_aop.jar:/home/renato/.m2/repository/com/google/guava/guava/30.1.1-jre/guava-30.1.1-jre.jar:/home/renato/.m2/repository/com/google/guava/failureaccess/1.0.1/failureaccess-1.0.1.jar:/home/renato/.m2/repository/com/google/guava/listenablefuture/9999.0-empty-to-avoid-conflict-with-guava/listenablefuture-9999.0-empty-to-avoid-conflict-with-guava.jar:/home/renato/.m2/repository/org/codehaus/plexus/plexus-utils/3.2.1/plexus-utils-3.2.1.jar:/home/renato/.m2/repository/org/codehaus/plexus/plexus-classworlds/2.6.0/plexus-classworlds-2.6.0.jar:/home/renato/.m2/repository/commons-cli/commons-cli/1.4/commons-cli-1.4.jar:/home/renato/.m2/repository/org/eclipse/sisu/org.eclipse.sisu.plexus/0.3.4/org.eclipse.sisu.plexus-0.3.4.jar:/home/renato/.m2/repository/org/apache/maven/maven-settings-builder/3.8.1/maven-settings-builder-3.8.1.jar:/home/renato/.m2/repository/org/codehaus/plexus/plexus-interpolation/1.25/plexus-interpolation-1.25.jar:/home/renato/.m2/repository/org/sonatype/plexus/plexus-sec-dispatcher/1.4/plexus-sec-dispatcher-1.4.jar:/home/renato/.m2/repository/org/sonatype/plexus/plexus-cipher/1.4/plexus-cipher-1.4.jar:/home/renato/.m2/repository/org/apache/maven/maven-resolver-provider/3.8.1/maven-resolver-provider-3.8.1.jar:/home/renato/.m2/repository/org/apache/maven/maven-repository-metadata/3.8.1/maven-repository-metadata-3.8.1.jar:/home/renato/.m2/repository/org/apache/maven/resolver/maven-resolver-spi/1.6.2/maven-resolver-spi-1.6.2.jar:/home/renato/.m2/repository/org/apache/maven/resolver/maven-resolver-impl/1.6.2/maven-resolver-impl-1.6.2.jar:/home/renato/.m2/repository/org/apache/maven/resolver/maven-resolver-connector-basic/1.6.2/maven-resolver-connector-basic-1.6.2.jar:/home/renato/.m2/repository/org/apache/maven/resolver/maven-resolver-transport-wagon/1.6.2/maven-resolver-transport-wagon-1.6.2.jar:/home/renato/.m2/repository/org/apache/maven/wagon/wagon-http/3.4.3/wagon-http-3.4.3.jar:/home/renato/.m2/repository/org/apache/maven/wagon/wagon-http-shared/3.4.3/wagon-http-shared-3.4.3.jar:/home/renato/.m2/repository/org/jsoup/jsoup/1.12.1/jsoup-1.12.1.jar:/home/renato/.m2/repository/org/apache/maven/wagon/wagon-provider-api/3.4.3/wagon-provider-api-3.4.3.jar:/home/renato/.m2/repository/org/apache/maven/wagon/wagon-file/3.4.3/wagon-file-3.4.3.jar:/home/renato/.m2/repository/io/quarkus/quarkus-bootstrap-gradle-resolver/2.1.2.Final/quarkus-bootstrap-gradle-resolver-2.1.2.Final.jar:/home/renato/.m2/repository/io/smallrye/common/smallrye-common-io/1.6.0/smallrye-common-io-1.6.0.jar:/home/renato/.m2/repository/org/eclipse/sisu/org.eclipse.sisu.inject/0.3.4/org.eclipse.sisu.inject-0.3.4.jar:/home/renato/.m2/repository/io/quarkus/quarkus-test-common/2.1.2.Final/quarkus-test-common-2.1.2.Final.jar:/home/renato/.m2/repository/io/quarkus/quarkus-core-deployment/2.1.2.Final/quarkus-core-deployment-2.1.2.Final.jar:/home/renato/.m2/repository/org/aesh/readline/2.1/readline-2.1.jar:/home/renato/.m2/repository/org/fusesource/jansi/jansi/1.18/jansi-1.18.jar:/home/renato/.m2/repository/io/quarkus/gizmo/gizmo/1.0.9.Final/gizmo-1.0.9.Final.jar:/home/renato/.m2/repository/org/ow2/asm/asm-util/9.1/asm-util-9.1.jar:/home/renato/.m2/repository/org/ow2/asm/asm-tree/9.1/asm-tree-9.1.jar:/home/renato/.m2/repository/org/ow2/asm/asm-analysis/9.1/asm-analysis-9.1.jar:/home/renato/.m2/repository/org/ow2/asm/asm/9.1/asm-9.1.jar:/home/renato/.m2/repository/io/quarkus/quarkus-class-change-agent/2.1.2.Final/quarkus-class-change-agent-2.1.2.Final.jar:/home/renato/.m2/repository/io/quarkus/quarkus-devtools-utilities/2.1.2.Final/quarkus-devtools-utilities-2.1.2.Final.jar:/home/renato/.m2/repository/io/quarkus/quarkus-builder/2.1.2.Final/quarkus-builder-2.1.2.Final.jar:/home/renato/.m2/repository/org/junit/platform/junit-platform-launcher/1.7.2/junit-platform-launcher-1.7.2.jar:/home/renato/.m2/repository/io/quarkus/quarkus-jsonp-deployment/2.1.2.Final/quarkus-jsonp-deployment-2.1.2.Final.jar:/home/renato/.m2/repository/org/jboss/jandex/2.3.0.Final/jandex-2.3.0.Final.jar:/home/renato/.m2/repository/org/jboss/logging/commons-logging-jboss-logging/1.0.0.Final/commons-logging-jboss-logging-1.0.0.Final.jar:/home/renato/.m2/repository/org/junit/jupiter/junit-jupiter/5.7.2/junit-jupiter-5.7.2.jar:/home/renato/.m2/repository/org/junit/jupiter/junit-jupiter-api/5.7.2/junit-jupiter-api-5.7.2.jar:/home/renato/.m2/repository/org/apiguardian/apiguardian-api/1.1.0/apiguardian-api-1.1.0.jar:/home/renato/.m2/repository/org/opentest4j/opentest4j/1.2.0/opentest4j-1.2.0.jar:/home/renato/.m2/repository/org/junit/platform/junit-platform-commons/1.7.2/junit-platform-commons-1.7.2.jar:/home/renato/.m2/repository/org/junit/jupiter/junit-jupiter-params/5.7.2/junit-jupiter-params-5.7.2.jar:/home/renato/.m2/repository/org/junit/jupiter/junit-jupiter-engine/5.7.2/junit-jupiter-engine-5.7.2.jar:/home/renato/.m2/repository/org/junit/platform/junit-platform-engine/1.7.2/junit-platform-engine-1.7.2.jar:/home/renato/.m2/repository/com/thoughtworks/xstream/xstream/1.4.17/xstream-1.4.17.jar:/home/renato/.m2/repository/io/github/x-stream/mxparser/1.2.1/mxparser-1.2.1.jar:/home/renato/.m2/repository/xmlpull/xmlpull/1.1.3.1/xmlpull-1.1.3.1.jar:/home/renato/.m2/repository/io/rest-assured/rest-assured/4.4.0/rest-assured-4.4.0.jar:/home/renato/.m2/repository/org/codehaus/groovy/groovy/3.0.8/groovy-3.0.8.jar:/home/renato/.m2/repository/org/codehaus/groovy/groovy-xml/3.0.8/groovy-xml-3.0.8.jar:/home/renato/.m2/repository/org/apache/httpcomponents/httpclient/4.5.13/httpclient-4.5.13.jar:/home/renato/.m2/repository/org/apache/httpcomponents/httpcore/4.4.14/httpcore-4.4.14.jar:/home/renato/.m2/repository/commons-codec/commons-codec/1.15/commons-codec-1.15.jar:/home/renato/.m2/repository/org/apache/httpcomponents/httpmime/4.5.13/httpmime-4.5.13.jar:/home/renato/.m2/repository/org/hamcrest/hamcrest/2.1/hamcrest-2.1.jar:/home/renato/.m2/repository/org/ccil/cowan/tagsoup/tagsoup/1.2.1/tagsoup-1.2.1.jar:/home/renato/.m2/repository/io/rest-assured/json-path/4.4.0/json-path-4.4.0.jar:/home/renato/.m2/repository/org/codehaus/groovy/groovy-json/3.0.8/groovy-json-3.0.8.jar:/home/renato/.m2/repository/io/rest-assured/rest-assured-common/4.4.0/rest-assured-common-4.4.0.jar:/home/renato/.m2/repository/io/rest-assured/xml-path/4.4.0/xml-path-4.4.0.jar:/home/renato/.m2/repository/org/apache/commons/commons-lang3/3.12.0/commons-lang3-3.12.0.jar:/home/renato/.m2/repository/jakarta/xml/bind/jakarta.xml.bind-api/2.3.3/jakarta.xml.bind-api-2.3.3.jar:/home/renato/.m2/repository/com/sun/xml/bind/jaxb-impl/2.3.3/jaxb-impl-2.3.3.jar:"/>
    <property name="JAEGER_SERVICE_NAME" value="crud-quarkus"/>
    <property name="sun.cpu.endian" value="little"/>
    <property name="user.home" value="/home/renato"/>
    <property name="user.language" value="en"/>
    <property name="java.specification.vendor" value="Oracle Corporation"/>
    <property name="io.netty.allocator.maxOrder" value="3"/>
    <property name="java.version.date" value="2021-07-20"/>
    <property name="java.home" value="/home/renato/.sdkman/candidates/java/20.3.3.r11-grl"/>
    <property name="file.separator" value="/"/>
    <property name="basedir" value="/mnt/dados/Desenv/quarkus-crud-poc"/>
    <property name="java.vm.compressedOopsMode" value="32-bit"/>
    <property name="line.separator" value="&#10;"/>
    <property name="jdk.internal.vm.ci.enabled" value="true"/>
    <property name="java.specification.name" value="Java Platform API Specification"/>
    <property name="java.vm.specification.vendor" value="Oracle Corporation"/>
    <property name="java.awt.graphicsenv" value="sun.awt.X11GraphicsEnvironment"/>
    <property name="surefire.real.class.path" value="/mnt/dados/Desenv/quarkus-crud-poc/target/surefire/surefirebooter2554033924090586656.jar"/>
    <property name="sun.management.compiler" value="HotSpot 64-Bit Tiered Compilers"/>
    <property name="java.runtime.version" value="11.0.12+6-jvmci-20.3-b20"/>
    <property name="user.name" value="renato"/>
    <property name="JAEGER_SAMPLER_PARAM" value="1"/>
    <property name="path.separator" value=":"/>
    <property name="os.version" value="5.12.19-1-MANJARO"/>
    <property name="java.runtime.name" value="OpenJDK Runtime Environment"/>
    <property name="file.encoding" value="UTF-8"/>
    <property name="sun.nio.ch.bugLevel" value=""/>
    <property name="java.vm.name" value="OpenJDK 64-Bit Server VM"/>
    <property name="java.vendor.version" value="GraalVM CE 20.3.3"/>
    <property name="localRepository" value="/home/renato/.m2/repository"/>
    <property name="java.vendor.url.bug" value="https://github.com/oracle/graal/issues"/>
    <property name="JAEGER_ENDPOINT" value="http://localhost:14268/api/traces"/>
    <property name="java.io.tmpdir" value="/tmp"/>
    <property name="quarkus.log.file.path" value="target/quarkus.log"/>
    <property name="java.version" value="11.0.12"/>
    <property name="user.dir" value="/mnt/dados/Desenv/quarkus-crud-poc"/>
    <property name="os.arch" value="amd64"/>
    <property name="hibernate.bytecode.provider" value="none"/>
    <property name="java.vm.specification.name" value="Java Virtual Machine Specification"/>
    <property name="vertx.disableDnsResolver" value="true"/>
    <property name="java.awt.printerjob" value="sun.print.PSPrinterJob"/>
    <property name="sun.os.patch.level" value="unknown"/>
    <property name="java.util.logging.manager" value="org.jboss.logmanager.LogManager"/>
    <property name="java.library.path" value="/usr/java/packages/lib:/usr/lib64:/lib64:/lib:/usr/lib"/>
    <property name="java.vm.info" value="mixed mode, sharing"/>
    <property name="java.vendor" value="GraalVM Community"/>
    <property name="vertx.disableTCCL" value="true"/>
    <property name="java.vm.version" value="11.0.12+6-jvmci-20.3-b20"/>
    <property name="sun.io.unicode.encoding" value="UnicodeLittle"/>
    <property name="JAEGER_SAMPLER_TYPE" value="const"/>
    <property name="io.netty.machineId" value="c1:13:41:ba:ef:aa:f2:03"/>
    <property name="java.class.version" value="55.0"/>
  </properties>
  <testcase name="getProductsEndpoint" classname="br.com.reschoene.ProductResourceTest" time="2.61">
    <system-out><![CDATA[2021-08-31 18:50:51,950 INFO  [io.quarkus] (main) Quarkus 2.1.2.Final on JVM started in 6.254s. Listening on: http://localhost:8081
2021-08-31 18:50:51,952 INFO  [io.quarkus] (main) Profile test activated. 
2021-08-31 18:50:51,952 INFO  [io.quarkus] (main) Installed features: [agroal, cdi, hibernate-orm, hibernate-orm-panache, jaeger, jdbc-postgresql, narayana-jta, resteasy, resteasy-jackson, smallrye-context-propagation, smallrye-opentracing]
]]></system-out>
  </testcase>
</testsuite>